Removed Pin From Net: NetName=EN_Dx Pin=Dr1_Dx-1
Removed Pin From Net: NetName=M1x_Dx Pin=Dr1_Dx-2
Removed Pin From Net: NetName=M2x_Dx Pin=Dr1_Dx-3
Removed Pin From Net: NetName=M3x_Dx Pin=Dr1_Dx-4
Removed Pin From Net: NetName=STEP_Dx Pin=Dr1_Dx-7
Removed Pin From Net: NetName=DIR_Dx Pin=Dr1_Dx-8
Removed Pin From Net: NetName=VMOTOR_Dx Pin=Dr1_Dx-9
Removed Pin From Net: NetName=GND Pin=Dr1_Dx-10
Removed Pin From Net: NetName=+5 Pin=Dr1_Dx-15
Removed Pin From Net: NetName=GND Pin=Dr1_Dx-16
Removed Pin From Net: NetName=+5 Pin=Dr1_Dx-17
Removed Pin From Net: NetName=M1x_Dx Pin=Dr1_Dx-18
Removed Pin From Net: NetName=+5 Pin=Dr1_Dx-19
Removed Pin From Net: NetName=M2x_Dx Pin=Dr1_Dx-20
Removed Pin From Net: NetName=EN_Dy Pin=Dr1_Dy-1
Removed Pin From Net: NetName=M1x_Dy Pin=Dr1_Dy-2
Removed Pin From Net: NetName=M2x_Dy Pin=Dr1_Dy-3
Removed Pin From Net: NetName=M3x_Dy Pin=Dr1_Dy-4
Removed Pin From Net: NetName=STEP_Dy Pin=Dr1_Dy-7
Removed Pin From Net: NetName=DIR_Dy Pin=Dr1_Dy-8
Removed Pin From Net: NetName=VMOTOR_Dx Pin=Dr1_Dy-9
Removed Pin From Net: NetName=GND Pin=Dr1_Dy-10
Removed Pin From Net: NetName=+5 Pin=Dr1_Dy-15
Removed Pin From Net: NetName=GND Pin=Dr1_Dy-16
Removed Pin From Net: NetName=+5 Pin=Dr1_Dy-17
Removed Pin From Net: NetName=M1x_Dy Pin=Dr1_Dy-18
Removed Pin From Net: NetName=+5 Pin=Dr1_Dy-19
Removed Pin From Net: NetName=M2x_Dy Pin=Dr1_Dy-20
Removed Pin From Net: NetName=EN_Dz Pin=Dr1_Dz-1
Removed Pin From Net: NetName=M1x_Dz Pin=Dr1_Dz-2
Removed Pin From Net: NetName=M2x_Dz Pin=Dr1_Dz-3
Removed Pin From Net: NetName=M3x_Dz Pin=Dr1_Dz-4
Removed Pin From Net: NetName=STEP_Dz Pin=Dr1_Dz-7
Removed Pin From Net: NetName=DIR_Dz Pin=Dr1_Dz-8
Removed Pin From Net: NetName=VMOTOR_Dx Pin=Dr1_Dz-9
Removed Pin From Net: NetName=GND Pin=Dr1_Dz-10
Removed Pin From Net: NetName=+5 Pin=Dr1_Dz-15
Removed Pin From Net: NetName=GND Pin=Dr1_Dz-16
Removed Pin From Net: NetName=+5 Pin=Dr1_Dz-17
Removed Pin From Net: NetName=M1x_Dz Pin=Dr1_Dz-18
Removed Pin From Net: NetName=+5 Pin=Dr1_Dz-19
Removed Pin From Net: NetName=M2x_Dz Pin=Dr1_Dz-20
Change Component Designator: OldDesignator=3 NewDesignator=?
Change Component Designator: OldDesignator=21 NewDesignator=?
Change Component Designator: OldDesignator=C1_Dx NewDesignator=C?_Dx
Change Component Designator: OldDesignator=C1_Dy NewDesignator=C?_Dy
Change Component Designator: OldDesignator=C1_Dz NewDesignator=C?_Dz
Change Component Designator: OldDesignator=C2 NewDesignator=C?
Change Component Designator: OldDesignator=C21 NewDesignator=C?
Change Component Designator: OldDesignator=C22 NewDesignator=C?
Change Component Designator: OldDesignator=C23 NewDesignator=C?
Change Component Designator: OldDesignator=C24 NewDesignator=C?
Change Component Designator: OldDesignator=C25 NewDesignator=C?
Change Component Designator: OldDesignator=C26 NewDesignator=C?
Change Component Designator: OldDesignator=C27 NewDesignator=C?
Change Component Designator: OldDesignator=C29 NewDesignator=C?
Change Component Designator: OldDesignator=C30 NewDesignator=C?
Change Component Designator: OldDesignator=C31 NewDesignator=C?
Change Component Designator: OldDesignator=C32 NewDesignator=C?
Change Component Designator: OldDesignator=C33 NewDesignator=C?
Change Component Designator: OldDesignator=C34 NewDesignator=C?
Change Component Designator: OldDesignator=C35 NewDesignator=C?
Change Component Designator: OldDesignator=C36 NewDesignator=C?
Change Component Designator: OldDesignator=C37 NewDesignator=C?
Change Component Designator: OldDesignator=CARD2 NewDesignator=CARD?
Change Component Designator: OldDesignator=D1 NewDesignator=D?
Change Component Designator: OldDesignator=D15 NewDesignator=D?
Change Component Designator: OldDesignator=D16_Dx NewDesignator=D?_Dx
Change Component Designator: OldDesignator=D16_Dy NewDesignator=D?_Dy
Change Component Designator: OldDesignator=D16_Dz NewDesignator=D?_Dz
Change Component Designator: OldDesignator=D17_Dx NewDesignator=D?_Dx
Change Component Designator: OldDesignator=D17_Dy NewDesignator=D?_Dy
Change Component Designator: OldDesignator=D17_Dz NewDesignator=D?_Dz
Change Component Designator: OldDesignator=D18 NewDesignator=D?
Change Component Designator: OldDesignator=D19 NewDesignator=D?
Change Component Designator: OldDesignator=Dr1_Dx NewDesignator=Dr?_Dx
Change Component Designator: OldDesignator=Dr1_Dy NewDesignator=Dr?_Dy
Change Component Designator: OldDesignator=Dr1_Dz NewDesignator=Dr?_Dz
Change Component Designator: OldDesignator=J1 NewDesignator=J?
Change Component Designator: OldDesignator=J2 NewDesignator=J?
Change Component Designator: OldDesignator=J3 NewDesignator=J?
Change Component Designator: OldDesignator=J4 NewDesignator=J?
Change Component Designator: OldDesignator=J5 NewDesignator=J?
Change Component Designator: OldDesignator=J6 NewDesignator=J?
Change Component Designator: OldDesignator=J7 NewDesignator=J?
Change Component Designator: OldDesignator=J10 NewDesignator=J?
Change Component Designator: OldDesignator=J11 NewDesignator=J?
Change Component Designator: OldDesignator=J12_Dx NewDesignator=J?_Dx
Change Component Designator: OldDesignator=J12_Dy NewDesignator=J?_Dy
Change Component Designator: OldDesignator=J12_Dz NewDesignator=J?_Dz
Change Component Designator: OldDesignator=j13 NewDesignator=j?
Change Component Designator: OldDesignator=L1 NewDesignator=L?
Change Component Designator: OldDesignator=MD2 NewDesignator=MD?
Change Component Designator: OldDesignator=Q1 NewDesignator=Q?
Change Component Designator: OldDesignator=Q12 NewDesignator=Q?
Change Component Designator: OldDesignator=Q13_Dx NewDesignator=Q?_Dx
Change Component Designator: OldDesignator=Q13_Dy NewDesignator=Q?_Dy
Change Component Designator: OldDesignator=Q13_Dz NewDesignator=Q?_Dz
Change Component Designator: OldDesignator=Q14_Dx NewDesignator=Q?_Dx
Change Component Designator: OldDesignator=Q14_Dy NewDesignator=Q?_Dy
Change Component Designator: OldDesignator=Q14_Dz NewDesignator=Q?_Dz
Change Component Designator: OldDesignator=Q15 NewDesignator=Q?
Change Component Designator: OldDesignator=Q16 NewDesignator=Q?
Change Component Designator: OldDesignator=R1_Dx NewDesignator=R?_Dx
Change Component Designator: OldDesignator=R1_Dy NewDesignator=R?_Dy
Change Component Designator: OldDesignator=R1_Dz NewDesignator=R?_Dz
Change Component Designator: OldDesignator=R2_Dx NewDesignator=R?_Dx
Change Component Designator: OldDesignator=R2_Dy NewDesignator=R?_Dy
Change Component Designator: OldDesignator=R2_Dz NewDesignator=R?_Dz
Change Component Designator: OldDesignator=R3 NewDesignator=R?
Change Component Designator: OldDesignator=R4 NewDesignator=R?
Change Component Designator: OldDesignator=R5 NewDesignator=R?
Change Component Designator: OldDesignator=R6 NewDesignator=R?
Change Component Designator: OldDesignator=R7 NewDesignator=R?
Change Component Designator: OldDesignator=R8 NewDesignator=R?
Change Component Designator: OldDesignator=R9 NewDesignator=R?
Change Component Designator: OldDesignator=R10 NewDesignator=R?
Change Component Designator: OldDesignator=R11 NewDesignator=R?
Change Component Designator: OldDesignator=R12 NewDesignator=R?
Change Component Designator: OldDesignator=R13 NewDesignator=R?
Change Component Designator: OldDesignator=R14 NewDesignator=R?
Change Component Designator: OldDesignator=R15 NewDesignator=R?
Change Component Designator: OldDesignator=R38 NewDesignator=R?
Change Component Designator: OldDesignator=R39 NewDesignator=R?
Change Component Designator: OldDesignator=R40 NewDesignator=R?
Change Component Designator: OldDesignator=R41 NewDesignator=R?
Change Component Designator: OldDesignator=R42 NewDesignator=R?
Change Component Designator: OldDesignator=R43 NewDesignator=R?
Change Component Designator: OldDesignator=R44 NewDesignator=R?
Change Component Designator: OldDesignator=R45_Dx NewDesignator=R?_Dx
Change Component Designator: OldDesignator=R45_Dy NewDesignator=R?_Dy
Change Component Designator: OldDesignator=R45_Dz NewDesignator=R?_Dz
Change Component Designator: OldDesignator=R46_Dx NewDesignator=R?_Dx
Change Component Designator: OldDesignator=R46_Dy NewDesignator=R?_Dy
Change Component Designator: OldDesignator=R46_Dz NewDesignator=R?_Dz
Change Component Designator: OldDesignator=R47_Dx NewDesignator=R?_Dx
Change Component Designator: OldDesignator=R47_Dy NewDesignator=R?_Dy
Change Component Designator: OldDesignator=R47_Dz NewDesignator=R?_Dz
Change Component Designator: OldDesignator=R48_Dx NewDesignator=R?_Dx
Change Component Designator: OldDesignator=R48_Dy NewDesignator=R?_Dy
Change Component Designator: OldDesignator=R48_Dz NewDesignator=R?_Dz
Change Component Designator: OldDesignator=R49 NewDesignator=R?
Change Component Designator: OldDesignator=R50 NewDesignator=R?
Change Component Designator: OldDesignator=R51 NewDesignator=R?
Change Component Designator: OldDesignator=R52 NewDesignator=R?
Change Component Designator: OldDesignator=R53 NewDesignator=R?
Change Component Designator: OldDesignator=R54 NewDesignator=R?
Change Component Designator: OldDesignator=R55 NewDesignator=R?
Change Component Designator: OldDesignator=R56 NewDesignator=R?
Change Component Designator: OldDesignator=R57 NewDesignator=R?
Change Component Designator: OldDesignator=R58 NewDesignator=R?
Change Component Designator: OldDesignator=SW3 NewDesignator=SW?
Change Component Designator: OldDesignator=SW4 NewDesignator=SW?
Change Component Designator: OldDesignator=U10 NewDesignator=U?
Change Component Designator: OldDesignator=U11 NewDesignator=U?
Change Component Designator: OldDesignator=U13 NewDesignator=U?
Change Component Designator: OldDesignator=U14 NewDesignator=U?
Added Component: Designator=Dr?_Dx(A4988 Module)
Added Component: Designator=Dr?_Dx(A4988 Module)
Added Component: Designator=Dr?_Dx(A4988 Module)
Added Component: Designator=Dr?_Dy(A4988 Module)
Added Component: Designator=Dr?_Dy(A4988 Module)
Added Component: Designator=Dr?_Dy(A4988 Module)
Added Component: Designator=Dr?_Dz(A4988 Module)
Added Component: Designator=Dr?_Dz(A4988 Module)
Added Component: Designator=Dr?_Dz(A4988 Module)
Added Pin To Net: NetName=EN_Dx Pin=Dr?_Dx-1
Added Pin To Net: NetName=M1x_Dx Pin=Dr?_Dx-2
Added Pin To Net: NetName=M2x_Dx Pin=Dr?_Dx-3
Added Pin To Net: NetName=M3x_Dx Pin=Dr?_Dx-4
Added Pin To Net: NetName=STEP_Dx Pin=Dr?_Dx-7
Added Pin To Net: NetName=DIR_Dx Pin=Dr?_Dx-8
Added Pin To Net: NetName=VMOTOR_Dx Pin=Dr?_Dx-9
Added Pin To Net: NetName=GND Pin=Dr?_Dx-10
Added Pin To Net: NetName=+5 Pin=Dr?_Dx-15
Added Pin To Net: NetName=GND Pin=Dr?_Dx-16
Added Pin To Net: NetName=+5 Pin=Dr?_Dx-17
Added Pin To Net: NetName=M1x_Dx Pin=Dr?_Dx-18
Added Pin To Net: NetName=+5 Pin=Dr?_Dx-19
Added Pin To Net: NetName=M2x_Dx Pin=Dr?_Dx-20
Added Pin To Net: NetName=EN_Dy Pin=Dr?_Dy-1
Added Pin To Net: NetName=M1x_Dy Pin=Dr?_Dy-2
Added Pin To Net: NetName=M2x_Dy Pin=Dr?_Dy-3
Added Pin To Net: NetName=M3x_Dy Pin=Dr?_Dy-4
Added Pin To Net: NetName=STEP_Dy Pin=Dr?_Dy-7
Added Pin To Net: NetName=DIR_Dy Pin=Dr?_Dy-8
Added Pin To Net: NetName=VMOTOR_Dx Pin=Dr?_Dy-9
Added Pin To Net: NetName=GND Pin=Dr?_Dy-10
Added Pin To Net: NetName=+5 Pin=Dr?_Dy-15
Added Pin To Net: NetName=GND Pin=Dr?_Dy-16
Added Pin To Net: NetName=+5 Pin=Dr?_Dy-17
Added Pin To Net: NetName=M1x_Dy Pin=Dr?_Dy-18
Added Pin To Net: NetName=+5 Pin=Dr?_Dy-19
Added Pin To Net: NetName=M2x_Dy Pin=Dr?_Dy-20
Added Pin To Net: NetName=EN_Dz Pin=Dr?_Dz-1
Added Pin To Net: NetName=M1x_Dz Pin=Dr?_Dz-2
Added Pin To Net: NetName=M2x_Dz Pin=Dr?_Dz-3
Added Pin To Net: NetName=M3x_Dz Pin=Dr?_Dz-4
Added Pin To Net: NetName=STEP_Dz Pin=Dr?_Dz-7
Added Pin To Net: NetName=DIR_Dz Pin=Dr?_Dz-8
Added Pin To Net: NetName=VMOTOR_Dx Pin=Dr?_Dz-9
Added Pin To Net: NetName=GND Pin=Dr?_Dz-10
Added Pin To Net: NetName=+5 Pin=Dr?_Dz-15
Added Pin To Net: NetName=GND Pin=Dr?_Dz-16
Added Pin To Net: NetName=+5 Pin=Dr?_Dz-17
Added Pin To Net: NetName=M1x_Dz Pin=Dr?_Dz-18
Added Pin To Net: NetName=+5 Pin=Dr?_Dz-19
Added Pin To Net: NetName=M2x_Dz Pin=Dr?_Dz-20
Change Net Name : Old Net Name=Net3_3 New Net Name=Net?_3
Change Net Name : Old Net Name=Net3_5 New Net Name=Net?_5
Change Net Name : Old Net Name=NetC21_1 New Net Name=NetC?_1
Change Net Name : Old Net Name=NetC21_2 New Net Name=NetC?_2
Change Net Name : Old Net Name=NetC22_2 New Net Name=NetC?_2
Change Net Name : Old Net Name=NetC27_1 New Net Name=NetC?_1
Change Net Name : Old Net Name=NetD15_1 New Net Name=NetD?_1
Change Net Name : Old Net Name=NetD15_2 New Net Name=NetD?_2
Change Net Name : Old Net Name=NetD16_Dx_1 New Net Name=NetD?_Dx_1
Change Net Name : Old Net Name=NetD16_Dx_2 New Net Name=NetD?_Dx_2
Change Net Name : Old Net Name=NetD16_Dy_1 New Net Name=NetD?_Dy_1
Change Net Name : Old Net Name=NetD16_Dy_2 New Net Name=NetD?_Dy_2
Change Net Name : Old Net Name=NetD16_Dz_1 New Net Name=NetD?_Dz_1
Change Net Name : Old Net Name=NetD16_Dz_2 New Net Name=NetD?_Dz_2
Change Net Name : Old Net Name=NetD17_Dx_1 New Net Name=NetD?_Dx_1
Change Net Name : Old Net Name=NetD17_Dx_2 New Net Name=NetD?_Dx_2
Change Net Name : Old Net Name=NetD17_Dy_1 New Net Name=NetD?_Dy_1
Change Net Name : Old Net Name=NetD17_Dy_2 New Net Name=NetD?_Dy_2
Change Net Name : Old Net Name=NetD17_Dz_1 New Net Name=NetD?_Dz_1
Change Net Name : Old Net Name=NetD17_Dz_2 New Net Name=NetD?_Dz_2
Change Net Name : Old Net Name=NetD18_1 New Net Name=NetD?_1
Change Net Name : Old Net Name=NetD18_2 New Net Name=NetD?_2
Change Net Name : Old Net Name=NetD19_1 New Net Name=NetD?_1
Change Net Name : Old Net Name=NetD19_2 New Net Name=NetD?_2
Change Net Name : Old Net Name=Netj13_A5 New Net Name=Netj?_A5
Change Net Name : Old Net Name=Netj13_B5 New Net Name=Netj?_B5
Change Net Name : Old Net Name=NetMD2_10 New Net Name=NetMD?_10
Change Net Name : Old Net Name=NetMD2_16 New Net Name=NetMD?_16
Change Net Name : Old Net Name=NetMD2_28 New Net Name=NetMD?_28
Change Net Name : Old Net Name=NetQ1_3 New Net Name=NetQ?_3
Change Net Name : Old Net Name=NetQ12_1 New Net Name=NetQ?_1
Change Net Name : Old Net Name=NetQ13_Dx_3 New Net Name=NetQ?_Dx_3
Change Net Name : Old Net Name=NetQ13_Dy_3 New Net Name=NetQ?_Dy_3
Change Net Name : Old Net Name=NetQ13_Dz_3 New Net Name=NetQ?_Dz_3
Change Net Name : Old Net Name=NetQ14_Dx_3 New Net Name=NetQ?_Dx_3
Change Net Name : Old Net Name=NetQ14_Dy_3 New Net Name=NetQ?_Dy_3
Change Net Name : Old Net Name=NetQ14_Dz_3 New Net Name=NetQ?_Dz_3
Change Net Name : Old Net Name=NetQ15_1 New Net Name=NetQ?_1
Change Net Name : Old Net Name=NetQ16_1 New Net Name=NetQ?_1
Change Net Name : Old Net Name=NetR4_2 New Net Name=NetR?_1
Change Net Name : Old Net Name=NetR5_2 New Net Name=NetR?_1
Change Net Name : Old Net Name=NetR10_2 New Net Name=NetR?_1
Change Net Name : Old Net Name=NetR11_2 New Net Name=NetR?_1
Change Net Name : Old Net Name=NetR41_2 New Net Name=NetR?_2
Change Net Name : Old Net Name=NetR43_2 New Net Name=NetR?_2
Change Net Name : Old Net Name=NetR50_2 New Net Name=NetR?_2
Change Net Name : Old Net Name=NetR54_2 New Net Name=NetR?_2
Added Pin To Net: NetName=NetDr?_Dx_5 Pin=Dr?_Dx-5
Added Pin To Net: NetName=NetDr?_Dx_5 Pin=Dr?_Dx-6
Added Net: Name=NetDr?_Dx_5
Added Pin To Net: NetName=NetDr?_Dx_11 Pin=Dr?_Dx-11
Added Pin To Net: NetName=NetDr?_Dx_11 Pin=J?_Dx-1
Added Net: Name=NetDr?_Dx_11
Added Pin To Net: NetName=NetDr?_Dx_12 Pin=Dr?_Dx-12
Added Pin To Net: NetName=NetDr?_Dx_12 Pin=J?_Dx-2
Added Net: Name=NetDr?_Dx_12
Added Pin To Net: NetName=NetDr?_Dx_13 Pin=Dr?_Dx-13
Added Pin To Net: NetName=NetDr?_Dx_13 Pin=J?_Dx-3
Added Net: Name=NetDr?_Dx_13
Added Pin To Net: NetName=NetDr?_Dx_14 Pin=Dr?_Dx-14
Added Pin To Net: NetName=NetDr?_Dx_14 Pin=J?_Dx-4
Added Net: Name=NetDr?_Dx_14
Added Pin To Net: NetName=NetDr?_Dy_5 Pin=Dr?_Dy-5
Added Pin To Net: NetName=NetDr?_Dy_5 Pin=Dr?_Dy-6
Added Net: Name=NetDr?_Dy_5
Added Pin To Net: NetName=NetDr?_Dy_11 Pin=Dr?_Dy-11
Added Pin To Net: NetName=NetDr?_Dy_11 Pin=J?_Dy-1
Added Net: Name=NetDr?_Dy_11
Added Pin To Net: NetName=NetDr?_Dy_12 Pin=Dr?_Dy-12
Added Pin To Net: NetName=NetDr?_Dy_12 Pin=J?_Dy-2
Added Net: Name=NetDr?_Dy_12
Added Pin To Net: NetName=NetDr?_Dy_13 Pin=Dr?_Dy-13
Added Pin To Net: NetName=NetDr?_Dy_13 Pin=J?_Dy-3
Added Net: Name=NetDr?_Dy_13
Added Pin To Net: NetName=NetDr?_Dy_14 Pin=Dr?_Dy-14
Added Pin To Net: NetName=NetDr?_Dy_14 Pin=J?_Dy-4
Added Net: Name=NetDr?_Dy_14
Added Pin To Net: NetName=NetDr?_Dz_5 Pin=Dr?_Dz-5
Added Pin To Net: NetName=NetDr?_Dz_5 Pin=Dr?_Dz-6
Added Net: Name=NetDr?_Dz_5
Added Pin To Net: NetName=NetDr?_Dz_11 Pin=Dr?_Dz-11
Added Pin To Net: NetName=NetDr?_Dz_11 Pin=J?_Dz-1
Added Net: Name=NetDr?_Dz_11
Added Pin To Net: NetName=NetDr?_Dz_12 Pin=Dr?_Dz-12
Added Pin To Net: NetName=NetDr?_Dz_12 Pin=J?_Dz-2
Added Net: Name=NetDr?_Dz_12
Added Pin To Net: NetName=NetDr?_Dz_13 Pin=Dr?_Dz-13
Added Pin To Net: NetName=NetDr?_Dz_13 Pin=J?_Dz-3
Added Net: Name=NetDr?_Dz_13
Added Pin To Net: NetName=NetDr?_Dz_14 Pin=Dr?_Dz-14
Added Pin To Net: NetName=NetDr?_Dz_14 Pin=J?_Dz-4
Added Net: Name=NetDr?_Dz_14
Added Member To Class: ClassName=Dx Member=Component Dr?_Dx (Dr?A) A4988 Driver Module
Added Member To Class: ClassName=Dx Member=Component Dr?_Dx (Dr?A) A4988 Driver Module
Added Member To Class: ClassName=Dx Member=Component Dr?_Dx (Dr?A) A4988 Driver Module
Added Member To Class: ClassName=Dy Member=Component Dr?_Dy (Dr?A) A4988 Driver Module
Added Member To Class: ClassName=Dy Member=Component Dr?_Dy (Dr?A) A4988 Driver Module
Added Member To Class: ClassName=Dy Member=Component Dr?_Dy (Dr?A) A4988 Driver Module
Added Member To Class: ClassName=Dz Member=Component Dr?_Dz (Dr?A) A4988 Driver Module
Added Member To Class: ClassName=Dz Member=Component Dr?_Dz (Dr?A) A4988 Driver Module
Added Member To Class: ClassName=Dz Member=Component Dr?_Dz (Dr?A) A4988 Driver Module
