Removed Pin From Net: NetName=GND Pin=C23-2
Removed Pin From Net: NetName=GND Pin=C24-2
Removed Pin From Net: NetName=GND Pin=C25-2
Removed Pin From Net: NetName=GND Pin=R44-1
Removed Pin From Net: NetName=GND Pin=R47_Da-1
Removed Pin From Net: NetName=GND Pin=R47_Dx-1
Removed Pin From Net: NetName=GND Pin=R47_Dy-1
Removed Pin From Net: NetName=GND Pin=R47_Dz-1
Removed Pin From Net: NetName=GND Pin=R48_Da-1
Removed Pin From Net: NetName=GND Pin=R48_Dx-1
Removed Pin From Net: NetName=GND Pin=R48_Dy-1
Removed Pin From Net: NetName=GND Pin=R48_Dz-1
Removed Pin From Net: NetName=GND Pin=U10-1
Removed Pin From Net: NetName=GND Pin=U11-5
Removed Pin From Net: NetName=GND Pin=U11-9
Added Pin To Net: NetName=GND_MCU Pin=C23-2
Added Pin To Net: NetName=GND_MCU Pin=C24-2
Added Pin To Net: NetName=GND_MCU Pin=C25-2
Added Pin To Net: NetName=GND_MCU Pin=R44-1
Added Pin To Net: NetName=GND_MCU Pin=R47_Da-1
Added Pin To Net: NetName=GND_MCU Pin=R47_Dx-1
Added Pin To Net: NetName=GND_MCU Pin=R47_Dy-1
Added Pin To Net: NetName=GND_MCU Pin=R47_Dz-1
Added Pin To Net: NetName=GND_MCU Pin=R48_Da-1
Added Pin To Net: NetName=GND_MCU Pin=R48_Dx-1
Added Pin To Net: NetName=GND_MCU Pin=R48_Dy-1
Added Pin To Net: NetName=GND_MCU Pin=R48_Dz-1
Added Pin To Net: NetName=GND_MCU Pin=U10-1
Added Pin To Net: NetName=GND_MCU Pin=U11-5
Added Pin To Net: NetName=GND_MCU Pin=U11-9
