Removed Member From Class: ClassName=Driver Member=DriverA
Removed Member From Class: ClassName=Driver Member=DriverX
Removed Member From Class: ClassName=Driver Member=DriverY
Removed Member From Class: ClassName=Driver Member=DriverZ
Change Component Designator: OldDesignator=C1_DriverA NewDesignator=C1_Da
Change Component Designator: OldDesignator=C1_DriverX NewDesignator=C1_Dx
Change Component Designator: OldDesignator=C1_DriverY NewDesignator=C1_Dy
Change Component Designator: OldDesignator=C1_DriverZ NewDesignator=C1_Dz
Change Component Designator: OldDesignator=D16_DriverA NewDesignator=D16_Da
Change Component Designator: OldDesignator=D16_DriverX NewDesignator=D16_Dx
Change Component Designator: OldDesignator=D16_DriverY NewDesignator=D16_Dy
Change Component Designator: OldDesignator=D16_DriverZ NewDesignator=D16_Dz
Change Component Designator: OldDesignator=D17_DriverA NewDesignator=D17_Da
Change Component Designator: OldDesignator=D17_DriverX NewDesignator=D17_Dx
Change Component Designator: OldDesignator=D17_DriverY NewDesignator=D17_Dy
Change Component Designator: OldDesignator=D17_DriverZ NewDesignator=D17_Dz
Change Component Designator: OldDesignator=J7_DriverA NewDesignator=J7_Da
Change Component Designator: OldDesignator=J7_DriverX NewDesignator=J7_Dx
Change Component Designator: OldDesignator=J7_DriverY NewDesignator=J7_Dy
Change Component Designator: OldDesignator=J7_DriverZ NewDesignator=J7_Dz
Change Component Designator: OldDesignator=J8_DriverA NewDesignator=J8_Da
Change Component Designator: OldDesignator=J8_DriverX NewDesignator=J8_Dx
Change Component Designator: OldDesignator=J8_DriverY NewDesignator=J8_Dy
Change Component Designator: OldDesignator=J8_DriverZ NewDesignator=J8_Dz
Change Component Designator: OldDesignator=J9_DriverA NewDesignator=J9_Da
Change Component Designator: OldDesignator=J9_DriverX NewDesignator=J9_Dx
Change Component Designator: OldDesignator=J9_DriverY NewDesignator=J9_Dy
Change Component Designator: OldDesignator=J9_DriverZ NewDesignator=J9_Dz
Change Component Designator: OldDesignator=J12_DriverA NewDesignator=J12_Da
Change Component Designator: OldDesignator=J12_DriverX NewDesignator=J12_Dx
Change Component Designator: OldDesignator=J12_DriverY NewDesignator=J12_Dy
Change Component Designator: OldDesignator=J12_DriverZ NewDesignator=J12_Dz
Change Component Designator: OldDesignator=Q13_DriverA NewDesignator=Q13_Da
Change Component Designator: OldDesignator=Q13_DriverX NewDesignator=Q13_Dx
Change Component Designator: OldDesignator=Q13_DriverY NewDesignator=Q13_Dy
Change Component Designator: OldDesignator=Q13_DriverZ NewDesignator=Q13_Dz
Change Component Designator: OldDesignator=Q14_DriverA NewDesignator=Q14_Da
Change Component Designator: OldDesignator=Q14_DriverX NewDesignator=Q14_Dx
Change Component Designator: OldDesignator=Q14_DriverY NewDesignator=Q14_Dy
Change Component Designator: OldDesignator=Q14_DriverZ NewDesignator=Q14_Dz
Change Component Designator: OldDesignator=R45_DriverA NewDesignator=R45_Da
Change Component Designator: OldDesignator=R45_DriverX NewDesignator=R45_Dx
Change Component Designator: OldDesignator=R45_DriverY NewDesignator=R45_Dy
Change Component Designator: OldDesignator=R45_DriverZ NewDesignator=R45_Dz
Change Component Designator: OldDesignator=R46_DriverA NewDesignator=R46_Da
Change Component Designator: OldDesignator=R46_DriverX NewDesignator=R46_Dx
Change Component Designator: OldDesignator=R46_DriverY NewDesignator=R46_Dy
Change Component Designator: OldDesignator=R46_DriverZ NewDesignator=R46_Dz
Change Component Designator: OldDesignator=R47_DriverA NewDesignator=R47_Da
Change Component Designator: OldDesignator=R47_DriverX NewDesignator=R47_Dx
Change Component Designator: OldDesignator=R47_DriverY NewDesignator=R47_Dy
Change Component Designator: OldDesignator=R47_DriverZ NewDesignator=R47_Dz
Change Component Designator: OldDesignator=R48_DriverA NewDesignator=R48_Da
Change Component Designator: OldDesignator=R48_DriverX NewDesignator=R48_Dx
Change Component Designator: OldDesignator=R48_DriverY NewDesignator=R48_Dy
Change Component Designator: OldDesignator=R48_DriverZ NewDesignator=R48_Dz
Change Component Designator: OldDesignator=U12_DriverA NewDesignator=U12_Da
Change Component Designator: OldDesignator=U12_DriverX NewDesignator=U12_Dx
Change Component Designator: OldDesignator=U12_DriverY NewDesignator=U12_Dy
Change Component Designator: OldDesignator=U12_DriverZ NewDesignator=U12_Dz
Change Net Name : Old Net Name=GPIO_DriverA New Net Name=GPIO_Da
Change Net Name : Old Net Name=GPIO_DriverX New Net Name=GPIO_Dx
Change Net Name : Old Net Name=GPIO_DriverY New Net Name=GPIO_Dy
Change Net Name : Old Net Name=GPIO_DriverZ New Net Name=GPIO_Dz
Change Net Name : Old Net Name=M1x_DriverA New Net Name=M1x_Da
Change Net Name : Old Net Name=M1x_DriverX New Net Name=M1x_Dx
Change Net Name : Old Net Name=M1x_DriverY New Net Name=M1x_Dy
Change Net Name : Old Net Name=M1x_DriverZ New Net Name=M1x_Dz
Change Net Name : Old Net Name=M2x_DriverA New Net Name=M2x_Da
Change Net Name : Old Net Name=M2x_DriverX New Net Name=M2x_Dx
Change Net Name : Old Net Name=M2x_DriverY New Net Name=M2x_Dy
Change Net Name : Old Net Name=M2x_DriverZ New Net Name=M2x_Dz
Change Net Name : Old Net Name=M3x_DriverA New Net Name=M3x_Da
Change Net Name : Old Net Name=M3x_DriverX New Net Name=M3x_Dx
Change Net Name : Old Net Name=M3x_DriverY New Net Name=M3x_Dy
Change Net Name : Old Net Name=M3x_DriverZ New Net Name=M3x_Dz
Change Net Name : Old Net Name=NetD16_DriverA_1 New Net Name=NetD16_Da_1
Change Net Name : Old Net Name=NetD16_DriverA_2 New Net Name=NetD16_Da_2
Change Net Name : Old Net Name=NetD16_DriverX_1 New Net Name=NetD16_Dx_1
Change Net Name : Old Net Name=NetD16_DriverX_2 New Net Name=NetD16_Dx_2
Change Net Name : Old Net Name=NetD16_DriverY_1 New Net Name=NetD16_Dy_1
Change Net Name : Old Net Name=NetD16_DriverY_2 New Net Name=NetD16_Dy_2
Change Net Name : Old Net Name=NetD16_DriverZ_1 New Net Name=NetD16_Dz_1
Change Net Name : Old Net Name=NetD16_DriverZ_2 New Net Name=NetD16_Dz_2
Change Net Name : Old Net Name=NetD17_DriverA_1 New Net Name=NetD17_Da_1
Change Net Name : Old Net Name=NetD17_DriverA_2 New Net Name=NetD17_Da_2
Change Net Name : Old Net Name=NetD17_DriverX_1 New Net Name=NetD17_Dx_1
Change Net Name : Old Net Name=NetD17_DriverX_2 New Net Name=NetD17_Dx_2
Change Net Name : Old Net Name=NetD17_DriverY_1 New Net Name=NetD17_Dy_1
Change Net Name : Old Net Name=NetD17_DriverY_2 New Net Name=NetD17_Dy_2
Change Net Name : Old Net Name=NetD17_DriverZ_1 New Net Name=NetD17_Dz_1
Change Net Name : Old Net Name=NetD17_DriverZ_2 New Net Name=NetD17_Dz_2
Change Net Name : Old Net Name=NetJ12_DriverA_1 New Net Name=NetJ12_Da_1
Change Net Name : Old Net Name=NetJ12_DriverA_2 New Net Name=NetJ12_Da_2
Change Net Name : Old Net Name=NetJ12_DriverA_3 New Net Name=NetJ12_Da_3
Change Net Name : Old Net Name=NetJ12_DriverA_4 New Net Name=NetJ12_Da_4
Change Net Name : Old Net Name=NetJ12_DriverX_1 New Net Name=NetJ12_Dx_1
Change Net Name : Old Net Name=NetJ12_DriverX_2 New Net Name=NetJ12_Dx_2
Change Net Name : Old Net Name=NetJ12_DriverX_3 New Net Name=NetJ12_Dx_3
Change Net Name : Old Net Name=NetJ12_DriverX_4 New Net Name=NetJ12_Dx_4
Change Net Name : Old Net Name=NetJ12_DriverY_1 New Net Name=NetJ12_Dy_1
Change Net Name : Old Net Name=NetJ12_DriverY_2 New Net Name=NetJ12_Dy_2
Change Net Name : Old Net Name=NetJ12_DriverY_3 New Net Name=NetJ12_Dy_3
Change Net Name : Old Net Name=NetJ12_DriverY_4 New Net Name=NetJ12_Dy_4
Change Net Name : Old Net Name=NetJ12_DriverZ_1 New Net Name=NetJ12_Dz_1
Change Net Name : Old Net Name=NetJ12_DriverZ_2 New Net Name=NetJ12_Dz_2
Change Net Name : Old Net Name=NetJ12_DriverZ_3 New Net Name=NetJ12_Dz_3
Change Net Name : Old Net Name=NetJ12_DriverZ_4 New Net Name=NetJ12_Dz_4
Change Net Name : Old Net Name=NetQ13_DriverA_3 New Net Name=NetQ13_Da_3
Change Net Name : Old Net Name=NetQ13_DriverX_3 New Net Name=NetQ13_Dx_3
Change Net Name : Old Net Name=NetQ13_DriverY_3 New Net Name=NetQ13_Dy_3
Change Net Name : Old Net Name=NetQ13_DriverZ_3 New Net Name=NetQ13_Dz_3
Change Net Name : Old Net Name=NetQ14_DriverA_3 New Net Name=NetQ14_Da_3
Change Net Name : Old Net Name=NetQ14_DriverX_3 New Net Name=NetQ14_Dx_3
Change Net Name : Old Net Name=NetQ14_DriverY_3 New Net Name=NetQ14_Dy_3
Change Net Name : Old Net Name=NetQ14_DriverZ_3 New Net Name=NetQ14_Dz_3
Change Net Name : Old Net Name=NetU12_DriverA_5 New Net Name=NetU12_Da_5
Change Net Name : Old Net Name=NetU12_DriverX_5 New Net Name=NetU12_Dx_5
Change Net Name : Old Net Name=NetU12_DriverY_5 New Net Name=NetU12_Dy_5
Change Net Name : Old Net Name=NetU12_DriverZ_5 New Net Name=NetU12_Dz_5
Change Net Name : Old Net Name=VMOTOR_DriverA New Net Name=VMOTOR_Da
Change Net Name : Old Net Name=VMOTOR_DriverX New Net Name=VMOTOR_Dx
Change Net Name : Old Net Name=VMOTOR_DriverY New Net Name=VMOTOR_Dy
Change Net Name : Old Net Name=VMOTOR_DriverZ New Net Name=VMOTOR_Dz
Change Class Name : Old Net Name=DriverA New Net Name=Da
Change Class Name : Old Net Name=DriverX New Net Name=Dx
Change Class Name : Old Net Name=DriverY New Net Name=Dy
Change Class Name : Old Net Name=DriverZ New Net Name=Dz
Added Member To Class: ClassName=Driver Member=Da (Driver.SchDoc)
Added Member To Class: ClassName=Driver Member=Dx (Driver.SchDoc)
Added Member To Class: ClassName=Driver Member=Dy (Driver.SchDoc)
Added Member To Class: ClassName=Driver Member=Dz (Driver.SchDoc)
