Added Component: Designator=U1_Da(A4988 Module)
Added Component: Designator=U1_Dx(A4988 Module)
Added Component: Designator=U1_Dy(A4988 Module)
Added Component: Designator=U1_Dz(A4988 Module)
Added Pin To Net: NetName=+5 Pin=U1_Da-17
Added Pin To Net: NetName=M1x_Da Pin=U1_Da-18
Added Pin To Net: NetName=+5 Pin=U1_Da-19
Added Pin To Net: NetName=M2x_Da Pin=U1_Da-20
Added Pin To Net: NetName=+5 Pin=U1_Da-21
Added Pin To Net: NetName=M3x_Da Pin=U1_Da-22
Added Pin To Net: NetName=+5 Pin=U1_Dx-17
Added Pin To Net: NetName=M1x_Dx Pin=U1_Dx-18
Added Pin To Net: NetName=+5 Pin=U1_Dx-19
Added Pin To Net: NetName=M2x_Dx Pin=U1_Dx-20
Added Pin To Net: NetName=+5 Pin=U1_Dx-21
Added Pin To Net: NetName=M3x_Dx Pin=U1_Dx-22
Added Pin To Net: NetName=+5 Pin=U1_Dy-17
Added Pin To Net: NetName=M1x_Dy Pin=U1_Dy-18
Added Pin To Net: NetName=+5 Pin=U1_Dy-19
Added Pin To Net: NetName=M2x_Dy Pin=U1_Dy-20
Added Pin To Net: NetName=+5 Pin=U1_Dy-21
Added Pin To Net: NetName=M3x_Dy Pin=U1_Dy-22
Added Pin To Net: NetName=+5 Pin=U1_Dz-17
Added Pin To Net: NetName=M1x_Dz Pin=U1_Dz-18
Added Pin To Net: NetName=+5 Pin=U1_Dz-19
Added Pin To Net: NetName=M2x_Dz Pin=U1_Dz-20
Added Pin To Net: NetName=+5 Pin=U1_Dz-21
Added Pin To Net: NetName=M3x_Dz Pin=U1_Dz-22
Added Member To Class: ClassName=Da Member=Component U1_Da (U1A) A4988 Driver Module
Added Member To Class: ClassName=Dx Member=Component U1_Dx (U1A) A4988 Driver Module
Added Member To Class: ClassName=Dy Member=Component U1_Dy (U1A) A4988 Driver Module
Added Member To Class: ClassName=Dz Member=Component U1_Dz (U1A) A4988 Driver Module
