Removed Pin From Net: NetName=VMOTOR Pin=3-1
Removed Pin From Net: NetName=Net3_3 Pin=D15-1
Removed Pin From Net: NetName=GND Pin=J10-2
Removed Pin From Net: NetName=GND Pin=R39-1
Added Component: Designator=J7(CON_2x1_TH_5MM)
Add component (AddParameter): Name = "ComponentLink1Description"; Value = "Digi-Key"; VariantName = "[No Variations]"
Add component (AddParameter): Name = "ComponentLink1URL"; Value = "https://www.lcsc.com/product-detail/Screw-terminal_JILN-JL126-50002G01_C394556.html"; VariantName = "[No Variations]"
Add component (AddParameter): Name = "Manufacturer"; Value = "JILN"; VariantName = "[No Variations]"
Add component (AddParameter): Name = "Manufacturer Part Number"; Value = "JL126-50002G01"; VariantName = "[No Variations]"
Add component (AddParameter): Name = "Supplier 1"; Value = "LCSC"; VariantName = "[No Variations]"
Add component (AddParameter): Name = "Supplier Part Number 1"; Value = "C394556"; VariantName = "[No Variations]"
Add component (AddParameter): Name = "Usage"; Value = ""; VariantName = "[No Variations]"
Added Component: Designator=Q1(SOT_23_3)
Add component (AddParameter): Name = "ComponentLink1Description"; Value = "LCSC"; VariantName = "[No Variations]"
Add component (AddParameter): Name = "ComponentLink1URL"; Value = "https://www.lcsc.com/product-detail/C82045.html"; VariantName = "[No Variations]"
Add component (AddParameter): Name = "Manufacturer"; Value = "onsemi"; VariantName = "[No Variations]"
Add component (AddParameter): Name = "Manufacturer Part Number"; Value = "BSS138LT1G"; VariantName = "[No Variations]"
Add component (AddParameter): Name = "Supplier 1"; Value = "LCSC"; VariantName = "[No Variations]"
Add component (AddParameter): Name = "Supplier Part Number 1"; Value = "C82045"; VariantName = "[No Variations]"
Add component (AddParameter): Name = "Usage"; Value = ""; VariantName = "[No Variations]"
Added Component: Designator=R3(0603_res)
Add component (AddParameter): Name = "ComponentLink1Description"; Value = "LCSC"; VariantName = "[No Variations]"
Add component (AddParameter): Name = "ComponentLink1URL"; Value = "https://www.lcsc.com/product-detail/Chip-Resistor-Surface-Mount_FOJAN-FRC0603P000-TS_C2907080.html"; VariantName = "[No Variations]"
Add component (AddParameter): Name = "Manufacturer"; Value = "FOJAN"; VariantName = "[No Variations]"
Add component (AddParameter): Name = "Manufacturer Part Number"; Value = "FRC0603P000 TS"; VariantName = "[No Variations]"
Add component (AddParameter): Name = "Supplier 1"; Value = "LCSC"; VariantName = "[No Variations]"
Add component (AddParameter): Name = "Supplier Part Number 1"; Value = "C2907080"; VariantName = "[No Variations]"
Add component (AddParameter): Name = "Usage"; Value = ""; VariantName = "[No Variations]"
Add component (AddParameter): Name = "Value"; Value = "0R"; VariantName = "[No Variations]"
Added Pin To Net: NetName=+5 Pin=R3-2
Added Pin To Net: NetName=GND_MCU Pin=R39-1
Added Pin To Net: NetName=GND_Spindle Pin=J7-2
Added Pin To Net: NetName=GND_Spindle Pin=J10-2
Added Net: Name=GND_Spindle
Added Pin To Net: NetName=NetD15_1 Pin=D15-1
Added Pin To Net: NetName=NetD15_1 Pin=Q1-2
Added Net: Name=NetD15_1
Added Pin To Net: NetName=NetQ1_3 Pin=Q1-3
Added Pin To Net: NetName=NetQ1_3 Pin=R3-1
Added Net: Name=NetQ1_3
Added Pin To Net: NetName=TRIGGER Pin=C2-1
Added Pin To Net: NetName=TRIGGER Pin=Q1-1
Added Pin To Net: NetName=TRIGGER Pin=R38-1
Added Net: Name=TRIGGER
Added Pin To Net: NetName=Vspindle Pin=3-1
Added Pin To Net: NetName=Vspindle Pin=J7-1
Added Net: Name=Vspindle
Added Member To Class: ClassName=Spindle Member=Component J7 Connector 2pos
Added Member To Class: ClassName=Spindle Member=Component Q1 N CH
Added Member To Class: ClassName=Spindle Member=Component R3 0R 1/10W
Added Rule: Name=Schematic Supply Nets_1
Added Rule: Name=Schematic Supply Nets_3
