Replace Part ? Relay_5V_15A in C:\Users\Juan Manuel Mejia V\Desktop\Proyectos\CNC_Multi\Hardware\CNC_controller\Controller.SchDoc with Relay_5V_15A from CNCLib.IntLib
Replace Part ? Inductor_3.3uH in C:\Users\Juan Manuel Mejia V\Desktop\Proyectos\CNC_Multi\Hardware\CNC_controller\Controller.SchDoc with Inductor_3.3uH from CNCLib.IntLib
Replace Part C? Cap_10uF_0805_25V_ in C:\Users\Juan Manuel Mejia V\Desktop\Proyectos\CNC_Multi\Hardware\CNC_controller\Controller.SchDoc with Cap_10uF_0805_25V_ from CNCLib.IntLib
Replace Part C? Cap_10uF_0603_10V in C:\Users\Juan Manuel Mejia V\Desktop\Proyectos\CNC_Multi\Hardware\CNC_controller\Controller.SchDoc with Cap_10uF_0603_10V from CNCLib.IntLib
Replace Part C? Cap_22uF_0603_10V in C:\Users\Juan Manuel Mejia V\Desktop\Proyectos\CNC_Multi\Hardware\CNC_controller\Controller.SchDoc with Cap_22uF_0603_10V from CNCLib.IntLib
Replace Part C? Cap_470nF_0603_50V in C:\Users\Juan Manuel Mejia V\Desktop\Proyectos\CNC_Multi\Hardware\CNC_controller\Controller.SchDoc with Cap_470nF_0603_50V from CNCLib.IntLib
Replace Part C? Cap_5.1pF in C:\Users\Juan Manuel Mejia V\Desktop\Proyectos\CNC_Multi\Hardware\CNC_controller\Controller.SchDoc with Cap_5.1pF from CNCLib.IntLib
Replace Part C? Cap_0.1uF_0603_50V in C:\Users\Juan Manuel Mejia V\Desktop\Proyectos\CNC_Multi\Hardware\CNC_controller\Controller.SchDoc with Cap_0.1uF_0603_50V from CNCLib.IntLib
Replace Part C? Cap_22uF_0603_10V_1 in C:\Users\Juan Manuel Mejia V\Desktop\Proyectos\CNC_Multi\Hardware\CNC_controller\Controller.SchDoc with Cap_22uF_0603_10V_1 from CNCLib.IntLib
Replace Part D? 1N4001W in C:\Users\Juan Manuel Mejia V\Desktop\Proyectos\CNC_Multi\Hardware\CNC_controller\Controller.SchDoc with 1N4001W from CNCLib.IntLib
Replace Part J? Con_2x1_TH_5mm in C:\Users\Juan Manuel Mejia V\Desktop\Proyectos\CNC_Multi\Hardware\CNC_controller\Controller.SchDoc with Con_2x1_TH_5mm from CNCLib.IntLib
Replace Part J? Con_Power_Jack_2.1mm_3pins in C:\Users\Juan Manuel Mejia V\Desktop\Proyectos\CNC_Multi\Hardware\CNC_controller\Controller.SchDoc with Con_Power_Jack_2.1mm_3pins from CNCLib.IntLib
Replace Part Q? Q_NFET_20V_3.2A_SOT23 in C:\Users\Juan Manuel Mejia V\Desktop\Proyectos\CNC_Multi\Hardware\CNC_controller\Controller.SchDoc with Q_NFET_20V_3.2A_SOT23 from CNCLib.IntLib
Replace Part R? Res_10k_0603_1/10W in C:\Users\Juan Manuel Mejia V\Desktop\Proyectos\CNC_Multi\Hardware\CNC_controller\Controller.SchDoc with Res_10k_0603_1/10W from CNCLib.IntLib
Replace Part R? Res_330R_0603_1/10W in C:\Users\Juan Manuel Mejia V\Desktop\Proyectos\CNC_Multi\Hardware\CNC_controller\Controller.SchDoc with Res_330R_0603_1/10W from CNCLib.IntLib
Replace Part R? Res_365k_0603_1/10W in C:\Users\Juan Manuel Mejia V\Desktop\Proyectos\CNC_Multi\Hardware\CNC_controller\Controller.SchDoc with Res_365k_0603_1/10W from CNCLib.IntLib
Replace Part R? Res 105k in C:\Users\Juan Manuel Mejia V\Desktop\Proyectos\CNC_Multi\Hardware\CNC_controller\Controller.SchDoc with Res 105k from CNCLib.IntLib
Replace Part R? Res_49k9_0603_1/10W in C:\Users\Juan Manuel Mejia V\Desktop\Proyectos\CNC_Multi\Hardware\CNC_controller\Controller.SchDoc with Res_49k9_0603_1/10W from CNCLib.IntLib
Replace Part R? Res_191k_0603_1/10W in C:\Users\Juan Manuel Mejia V\Desktop\Proyectos\CNC_Multi\Hardware\CNC_controller\Controller.SchDoc with Res_191k_0603_1/10W from CNCLib.IntLib
Replace Part U? DCDC_SW_BUCK_5A_SOIC8 in C:\Users\Juan Manuel Mejia V\Desktop\Proyectos\CNC_Multi\Hardware\CNC_controller\Controller.SchDoc with DCDC_SW_BUCK_5A_SOIC8 from CNCLib.IntLib
Replace Part U? LDO_3V3_1A_FIXED in C:\Users\Juan Manuel Mejia V\Desktop\Proyectos\CNC_Multi\Hardware\CNC_controller\Controller.SchDoc with LDO_3V3_1A_FIXED from CNCLib.IntLib
