Replace Part 5 H_Male_2x1_TH_100mil in C:\Users\Juan Manuel Mejia V\Desktop\Proyectos\CNC_Multi\Hardware\CNC_controller\Drivers.SchDoc with H_Male_2x1_TH_100mil from CNCLib.IntLib
Replace Part 6 H_Male_2x1_TH_100mil in C:\Users\Juan Manuel Mejia V\Desktop\Proyectos\CNC_Multi\Hardware\CNC_controller\Drivers.SchDoc with H_Male_2x1_TH_100mil from CNCLib.IntLib
Replace Part 7 H_Male_2x1_TH_100mil in C:\Users\Juan Manuel Mejia V\Desktop\Proyectos\CNC_Multi\Hardware\CNC_controller\Drivers.SchDoc with H_Male_2x1_TH_100mil from CNCLib.IntLib
Replace Part 8 H_Male_2x1_TH_100mil in C:\Users\Juan Manuel Mejia V\Desktop\Proyectos\CNC_Multi\Hardware\CNC_controller\Drivers.SchDoc with H_Male_2x1_TH_100mil from CNCLib.IntLib
Replace Part 9 H_Male_2x1_TH_100mil in C:\Users\Juan Manuel Mejia V\Desktop\Proyectos\CNC_Multi\Hardware\CNC_controller\Drivers.SchDoc with H_Male_2x1_TH_100mil from CNCLib.IntLib
Replace Part 10 H_Male_2x1_TH_100mil in C:\Users\Juan Manuel Mejia V\Desktop\Proyectos\CNC_Multi\Hardware\CNC_controller\Drivers.SchDoc with H_Male_2x1_TH_100mil from CNCLib.IntLib
Replace Part 11 H_Male_2x1_TH_100mil in C:\Users\Juan Manuel Mejia V\Desktop\Proyectos\CNC_Multi\Hardware\CNC_controller\Drivers.SchDoc with H_Male_2x1_TH_100mil from CNCLib.IntLib
Replace Part 12 H_Male_2x1_TH_100mil in C:\Users\Juan Manuel Mejia V\Desktop\Proyectos\CNC_Multi\Hardware\CNC_controller\Drivers.SchDoc with H_Male_2x1_TH_100mil from CNCLib.IntLib
Replace Part 13 H_Male_2x1_TH_100mil in C:\Users\Juan Manuel Mejia V\Desktop\Proyectos\CNC_Multi\Hardware\CNC_controller\Drivers.SchDoc with H_Male_2x1_TH_100mil from CNCLib.IntLib
Replace Part 14 H_Male_2x1_TH_100mil in C:\Users\Juan Manuel Mejia V\Desktop\Proyectos\CNC_Multi\Hardware\CNC_controller\Drivers.SchDoc with H_Male_2x1_TH_100mil from CNCLib.IntLib
Replace Part 15 H_Male_2x1_TH_100mil in C:\Users\Juan Manuel Mejia V\Desktop\Proyectos\CNC_Multi\Hardware\CNC_controller\Drivers.SchDoc with H_Male_2x1_TH_100mil from CNCLib.IntLib
Replace Part 16 H_Male_2x1_TH_100mil in C:\Users\Juan Manuel Mejia V\Desktop\Proyectos\CNC_Multi\Hardware\CNC_controller\Drivers.SchDoc with H_Male_2x1_TH_100mil from CNCLib.IntLib
Replace Part D6 LED_0805_RED in C:\Users\Juan Manuel Mejia V\Desktop\Proyectos\CNC_Multi\Hardware\CNC_controller\Drivers.SchDoc with LED_0805_RED from CNCLib.IntLib
Replace Part D7 LED_0805_RED in C:\Users\Juan Manuel Mejia V\Desktop\Proyectos\CNC_Multi\Hardware\CNC_controller\Drivers.SchDoc with LED_0805_RED from CNCLib.IntLib
Replace Part D8 LED_0805_Orange in C:\Users\Juan Manuel Mejia V\Desktop\Proyectos\CNC_Multi\Hardware\CNC_controller\Drivers.SchDoc with LED_0805_Orange from CNCLib.IntLib
Replace Part D9 LED_0805_Orange in C:\Users\Juan Manuel Mejia V\Desktop\Proyectos\CNC_Multi\Hardware\CNC_controller\Drivers.SchDoc with LED_0805_Orange from CNCLib.IntLib
Replace Part D10 LED_0805_RED in C:\Users\Juan Manuel Mejia V\Desktop\Proyectos\CNC_Multi\Hardware\CNC_controller\Drivers.SchDoc with LED_0805_RED from CNCLib.IntLib
Replace Part D11 LED_0805_RED in C:\Users\Juan Manuel Mejia V\Desktop\Proyectos\CNC_Multi\Hardware\CNC_controller\Drivers.SchDoc with LED_0805_RED from CNCLib.IntLib
Replace Part D12 LED_0805_Orange in C:\Users\Juan Manuel Mejia V\Desktop\Proyectos\CNC_Multi\Hardware\CNC_controller\Drivers.SchDoc with LED_0805_Orange from CNCLib.IntLib
Replace Part D13 LED_0805_Orange in C:\Users\Juan Manuel Mejia V\Desktop\Proyectos\CNC_Multi\Hardware\CNC_controller\Drivers.SchDoc with LED_0805_Orange from CNCLib.IntLib
Replace Part J5 Connector JST 4pin in C:\Users\Juan Manuel Mejia V\Desktop\Proyectos\CNC_Multi\Hardware\CNC_controller\Drivers.SchDoc with Connector JST 4pin from CNCLib.IntLib
Replace Part J6 Connector JST 4pin in C:\Users\Juan Manuel Mejia V\Desktop\Proyectos\CNC_Multi\Hardware\CNC_controller\Drivers.SchDoc with Connector JST 4pin from CNCLib.IntLib
Replace Part J7 Connector JST 4pin in C:\Users\Juan Manuel Mejia V\Desktop\Proyectos\CNC_Multi\Hardware\CNC_controller\Drivers.SchDoc with Connector JST 4pin from CNCLib.IntLib
Replace Part J8 Connector JST 4pin in C:\Users\Juan Manuel Mejia V\Desktop\Proyectos\CNC_Multi\Hardware\CNC_controller\Drivers.SchDoc with Connector JST 4pin from CNCLib.IntLib
Replace Part Q4 Q_NFET_50V_200mA_SOT23 in C:\Users\Juan Manuel Mejia V\Desktop\Proyectos\CNC_Multi\Hardware\CNC_controller\Drivers.SchDoc with Q_NFET_50V_200mA_SOT23 from CNCLib.IntLib
Replace Part Q5 Q_NFET_50V_200mA_SOT23 in C:\Users\Juan Manuel Mejia V\Desktop\Proyectos\CNC_Multi\Hardware\CNC_controller\Drivers.SchDoc with Q_NFET_50V_200mA_SOT23 from CNCLib.IntLib
Replace Part Q6 Q_NFET_50V_200mA_SOT23 in C:\Users\Juan Manuel Mejia V\Desktop\Proyectos\CNC_Multi\Hardware\CNC_controller\Drivers.SchDoc with Q_NFET_50V_200mA_SOT23 from CNCLib.IntLib
Replace Part Q7 Q_NFET_50V_200mA_SOT23 in C:\Users\Juan Manuel Mejia V\Desktop\Proyectos\CNC_Multi\Hardware\CNC_controller\Drivers.SchDoc with Q_NFET_50V_200mA_SOT23 from CNCLib.IntLib
Replace Part Q8 Q_NFET_50V_200mA_SOT23 in C:\Users\Juan Manuel Mejia V\Desktop\Proyectos\CNC_Multi\Hardware\CNC_controller\Drivers.SchDoc with Q_NFET_50V_200mA_SOT23 from CNCLib.IntLib
Replace Part Q9 Q_NFET_50V_200mA_SOT23 in C:\Users\Juan Manuel Mejia V\Desktop\Proyectos\CNC_Multi\Hardware\CNC_controller\Drivers.SchDoc with Q_NFET_50V_200mA_SOT23 from CNCLib.IntLib
Replace Part Q10 Q_NFET_50V_200mA_SOT23 in C:\Users\Juan Manuel Mejia V\Desktop\Proyectos\CNC_Multi\Hardware\CNC_controller\Drivers.SchDoc with Q_NFET_50V_200mA_SOT23 from CNCLib.IntLib
Replace Part Q11 Q_NFET_50V_200mA_SOT23 in C:\Users\Juan Manuel Mejia V\Desktop\Proyectos\CNC_Multi\Hardware\CNC_controller\Drivers.SchDoc with Q_NFET_50V_200mA_SOT23 from CNCLib.IntLib
Replace Part R22 Res_0R_0603_1/10W in C:\Users\Juan Manuel Mejia V\Desktop\Proyectos\CNC_Multi\Hardware\CNC_controller\Drivers.SchDoc with Res_0R_0603_1/10W from CNCLib.IntLib
Replace Part R23 Res_0R_0603_1/10W in C:\Users\Juan Manuel Mejia V\Desktop\Proyectos\CNC_Multi\Hardware\CNC_controller\Drivers.SchDoc with Res_0R_0603_1/10W from CNCLib.IntLib
Replace Part R24 Res_0R_0603_1/10W in C:\Users\Juan Manuel Mejia V\Desktop\Proyectos\CNC_Multi\Hardware\CNC_controller\Drivers.SchDoc with Res_0R_0603_1/10W from CNCLib.IntLib
Replace Part R25 Res_0R_0603_1/10W in C:\Users\Juan Manuel Mejia V\Desktop\Proyectos\CNC_Multi\Hardware\CNC_controller\Drivers.SchDoc with Res_0R_0603_1/10W from CNCLib.IntLib
Replace Part R26 Res_191R_0603_1/10W in C:\Users\Juan Manuel Mejia V\Desktop\Proyectos\CNC_Multi\Hardware\CNC_controller\Drivers.SchDoc with Res_191R_0603_1/10W from CNCLib.IntLib
Replace Part R27 Res_191R_0603_1/10W in C:\Users\Juan Manuel Mejia V\Desktop\Proyectos\CNC_Multi\Hardware\CNC_controller\Drivers.SchDoc with Res_191R_0603_1/10W from CNCLib.IntLib
Replace Part R28 Res_191R_0603_1/10W in C:\Users\Juan Manuel Mejia V\Desktop\Proyectos\CNC_Multi\Hardware\CNC_controller\Drivers.SchDoc with Res_191R_0603_1/10W from CNCLib.IntLib
Replace Part R29 Res_191R_0603_1/10W in C:\Users\Juan Manuel Mejia V\Desktop\Proyectos\CNC_Multi\Hardware\CNC_controller\Drivers.SchDoc with Res_191R_0603_1/10W from CNCLib.IntLib
Replace Part R30 Res_0R_0603_1/10W in C:\Users\Juan Manuel Mejia V\Desktop\Proyectos\CNC_Multi\Hardware\CNC_controller\Drivers.SchDoc with Res_0R_0603_1/10W from CNCLib.IntLib
Replace Part R31 Res_0R_0603_1/10W in C:\Users\Juan Manuel Mejia V\Desktop\Proyectos\CNC_Multi\Hardware\CNC_controller\Drivers.SchDoc with Res_0R_0603_1/10W from CNCLib.IntLib
Replace Part R32 Res_0R_0603_1/10W in C:\Users\Juan Manuel Mejia V\Desktop\Proyectos\CNC_Multi\Hardware\CNC_controller\Drivers.SchDoc with Res_0R_0603_1/10W from CNCLib.IntLib
Replace Part R33 Res_0R_0603_1/10W in C:\Users\Juan Manuel Mejia V\Desktop\Proyectos\CNC_Multi\Hardware\CNC_controller\Drivers.SchDoc with Res_0R_0603_1/10W from CNCLib.IntLib
Replace Part R34 Res_191R_0603_1/10W in C:\Users\Juan Manuel Mejia V\Desktop\Proyectos\CNC_Multi\Hardware\CNC_controller\Drivers.SchDoc with Res_191R_0603_1/10W from CNCLib.IntLib
Replace Part R35 Res_191R_0603_1/10W in C:\Users\Juan Manuel Mejia V\Desktop\Proyectos\CNC_Multi\Hardware\CNC_controller\Drivers.SchDoc with Res_191R_0603_1/10W from CNCLib.IntLib
Replace Part R36 Res_191R_0603_1/10W in C:\Users\Juan Manuel Mejia V\Desktop\Proyectos\CNC_Multi\Hardware\CNC_controller\Drivers.SchDoc with Res_191R_0603_1/10W from CNCLib.IntLib
Replace Part R37 Res_191R_0603_1/10W in C:\Users\Juan Manuel Mejia V\Desktop\Proyectos\CNC_Multi\Hardware\CNC_controller\Drivers.SchDoc with Res_191R_0603_1/10W from CNCLib.IntLib
Replace Part U6 A4988 Driver Module in C:\Users\Juan Manuel Mejia V\Desktop\Proyectos\CNC_Multi\Hardware\CNC_controller\Drivers.SchDoc with A4988 Driver Module from CNCLib.IntLib
Replace Part U7 A4988 Driver Module in C:\Users\Juan Manuel Mejia V\Desktop\Proyectos\CNC_Multi\Hardware\CNC_controller\Drivers.SchDoc with A4988 Driver Module from CNCLib.IntLib
Replace Part U8 A4988 Driver Module in C:\Users\Juan Manuel Mejia V\Desktop\Proyectos\CNC_Multi\Hardware\CNC_controller\Drivers.SchDoc with A4988 Driver Module from CNCLib.IntLib
Replace Part U9 A4988 Driver Module in C:\Users\Juan Manuel Mejia V\Desktop\Proyectos\CNC_Multi\Hardware\CNC_controller\Drivers.SchDoc with A4988 Driver Module from CNCLib.IntLib
