Replace Part ? TVS_5V_1CH_BID_SOD_123FL in C:\Users\Juan Manuel Mejia V\Desktop\Proyectos\CNC_Multi\Hardware\CNC_controller\MCU.SchDoc with TVS_5V_1CH_BID_SOD_123FL from CNCLib.IntLib
Replace Part C? Cap_100nF_0603_50V in C:\Users\Juan Manuel Mejia V\Desktop\Proyectos\CNC_Multi\Hardware\CNC_controller\MCU.SchDoc with Cap_100nF_0603_50V from CNCLib.IntLib
Replace Part C? Cap_10uF_0603_10V in C:\Users\Juan Manuel Mejia V\Desktop\Proyectos\CNC_Multi\Hardware\CNC_controller\MCU.SchDoc with Cap_10uF_0603_10V from CNCLib.IntLib
Replace Part C? Cap_10uF_0603_10V in C:\Users\Juan Manuel Mejia V\Desktop\Proyectos\CNC_Multi\Hardware\CNC_controller\MCU.SchDoc with Cap_10uF_0603_10V from CNCLib.IntLib
Replace Part C? Cap_100nF_0603_50V in C:\Users\Juan Manuel Mejia V\Desktop\Proyectos\CNC_Multi\Hardware\CNC_controller\MCU.SchDoc with Cap_100nF_0603_50V from CNCLib.IntLib
Replace Part C? Cap_100nF_0603_50V in C:\Users\Juan Manuel Mejia V\Desktop\Proyectos\CNC_Multi\Hardware\CNC_controller\MCU.SchDoc with Cap_100nF_0603_50V from CNCLib.IntLib
Replace Part C? Cap_100nF_0603_50V in C:\Users\Juan Manuel Mejia V\Desktop\Proyectos\CNC_Multi\Hardware\CNC_controller\MCU.SchDoc with Cap_100nF_0603_50V from CNCLib.IntLib
Replace Part C? Cap_100nF_0603_50V in C:\Users\Juan Manuel Mejia V\Desktop\Proyectos\CNC_Multi\Hardware\CNC_controller\MCU.SchDoc with Cap_100nF_0603_50V from CNCLib.IntLib
Replace Part C? Cap_100nF_0603_50V in C:\Users\Juan Manuel Mejia V\Desktop\Proyectos\CNC_Multi\Hardware\CNC_controller\MCU.SchDoc with Cap_100nF_0603_50V from CNCLib.IntLib
Replace Part C? Cap_10uF_0603_10V in C:\Users\Juan Manuel Mejia V\Desktop\Proyectos\CNC_Multi\Hardware\CNC_controller\MCU.SchDoc with Cap_10uF_0603_10V from CNCLib.IntLib
Replace Part CARD? SD_CARD_PUSH in C:\Users\Juan Manuel Mejia V\Desktop\Proyectos\CNC_Multi\Hardware\CNC_controller\MCU.SchDoc with SD_CARD_PUSH from CNCLib.IntLib
Replace Part D? LED_0805_Green in C:\Users\Juan Manuel Mejia V\Desktop\Proyectos\CNC_Multi\Hardware\CNC_controller\MCU.SchDoc with LED_0805_Green from CNCLib.IntLib
Replace Part D? LED_0805_RED in C:\Users\Juan Manuel Mejia V\Desktop\Proyectos\CNC_Multi\Hardware\CNC_controller\MCU.SchDoc with LED_0805_RED from CNCLib.IntLib
Replace Part j? CON_USB_TYPEC_16P in C:\Users\Juan Manuel Mejia V\Desktop\Proyectos\CNC_Multi\Hardware\CNC_controller\MCU.SchDoc with CON_USB_TYPEC_16P from CNCLib.IntLib
Replace Part MD? CMP-194065-000003-1 in C:\Users\Juan Manuel Mejia V\Desktop\Proyectos\CNC_Multi\Hardware\CNC_controller\MCU.SchDoc with CMP-194065-000003-1 from CNCLib.IntLib
Replace Part Q? BJT_N_MMBT3904-7-F in C:\Users\Juan Manuel Mejia V\Desktop\Proyectos\CNC_Multi\Hardware\CNC_controller\MCU.SchDoc with BJT_N_MMBT3904-7-F from CNCLib.IntLib
Replace Part Q? BJT_N_MMBT3904-7-F in C:\Users\Juan Manuel Mejia V\Desktop\Proyectos\CNC_Multi\Hardware\CNC_controller\MCU.SchDoc with BJT_N_MMBT3904-7-F from CNCLib.IntLib
Replace Part R20 Res 5K1 in C:\Users\Juan Manuel Mejia V\Desktop\Proyectos\CNC_Multi\Hardware\CNC_controller\MCU.SchDoc with Res 5K1 from CNCLib.IntLib
Replace Part R21 Res 5K1 in C:\Users\Juan Manuel Mejia V\Desktop\Proyectos\CNC_Multi\Hardware\CNC_controller\MCU.SchDoc with Res 5K1 from CNCLib.IntLib
Replace Part R? Res_10k_0603_1/10W in C:\Users\Juan Manuel Mejia V\Desktop\Proyectos\CNC_Multi\Hardware\CNC_controller\MCU.SchDoc with Res_10k_0603_1/10W from CNCLib.IntLib
Replace Part R? Res_10k_0603_1/10W in C:\Users\Juan Manuel Mejia V\Desktop\Proyectos\CNC_Multi\Hardware\CNC_controller\MCU.SchDoc with Res_10k_0603_1/10W from CNCLib.IntLib
Replace Part R? Res_1k_0603_1/10W in C:\Users\Juan Manuel Mejia V\Desktop\Proyectos\CNC_Multi\Hardware\CNC_controller\MCU.SchDoc with Res_1k_0603_1/10W from CNCLib.IntLib
Replace Part R? Res_1k_0603_1/10W in C:\Users\Juan Manuel Mejia V\Desktop\Proyectos\CNC_Multi\Hardware\CNC_controller\MCU.SchDoc with Res_1k_0603_1/10W from CNCLib.IntLib
Replace Part R? Res_30_0603_1/10W in C:\Users\Juan Manuel Mejia V\Desktop\Proyectos\CNC_Multi\Hardware\CNC_controller\MCU.SchDoc with Res_30_0603_1/10W from CNCLib.IntLib
Replace Part R? Res_100R_0603_1/10W in C:\Users\Juan Manuel Mejia V\Desktop\Proyectos\CNC_Multi\Hardware\CNC_controller\MCU.SchDoc with Res_100R_0603_1/10W from CNCLib.IntLib
Replace Part R? Res_10k_0603_1/10W in C:\Users\Juan Manuel Mejia V\Desktop\Proyectos\CNC_Multi\Hardware\CNC_controller\MCU.SchDoc with Res_10k_0603_1/10W from CNCLib.IntLib
Replace Part R? Res_10k_0603_1/10W in C:\Users\Juan Manuel Mejia V\Desktop\Proyectos\CNC_Multi\Hardware\CNC_controller\MCU.SchDoc with Res_10k_0603_1/10W from CNCLib.IntLib
Replace Part SW? Sw_PUSH_4.5x4.5x5.0xmm in C:\Users\Juan Manuel Mejia V\Desktop\Proyectos\CNC_Multi\Hardware\CNC_controller\MCU.SchDoc with Sw_PUSH_4.5x4.5x5.0xmm from CNCLib.IntLib
Replace Part SW? Sw_PUSH_4.5x4.5x5.0xmm in C:\Users\Juan Manuel Mejia V\Desktop\Proyectos\CNC_Multi\Hardware\CNC_controller\MCU.SchDoc with Sw_PUSH_4.5x4.5x5.0xmm from CNCLib.IntLib
Replace Part U? IC_SGL_USB2UART-BRIDGE_20QFN in C:\Users\Juan Manuel Mejia V\Desktop\Proyectos\CNC_Multi\Hardware\CNC_controller\MCU.SchDoc with IC_SGL_USB2UART-BRIDGE_20QFN from CNCLib.IntLib
Replace Part U? TVS_5.25V_2CH_SOT_23_6 in C:\Users\Juan Manuel Mejia V\Desktop\Proyectos\CNC_Multi\Hardware\CNC_controller\MCU.SchDoc with TVS_5.25V_2CH_SOT_23_6 from CNCLib.IntLib
