Replace Part 21 TVS_5V_1CH_BID_SOD_123FL in C:\Users\Juan Manuel Mejia V\Desktop\Proyectos\CNC_Multi\Hardware\CNC_controller\Micro.SchDoc with TVS_5V_1CH_BID_SOD_123FL from CNCLib.IntLib
Replace Part C30 Cap_100nF_0603_50V in C:\Users\Juan Manuel Mejia V\Desktop\Proyectos\CNC_Multi\Hardware\CNC_controller\Micro.SchDoc with Cap_100nF_0603_50V from CNCLib.IntLib
Replace Part C31 Cap_10uF_0603_10V in C:\Users\Juan Manuel Mejia V\Desktop\Proyectos\CNC_Multi\Hardware\CNC_controller\Micro.SchDoc with Cap_10uF_0603_10V from CNCLib.IntLib
Replace Part C32 Cap_100nF_0603_50V in C:\Users\Juan Manuel Mejia V\Desktop\Proyectos\CNC_Multi\Hardware\CNC_controller\Micro.SchDoc with Cap_100nF_0603_50V from CNCLib.IntLib
Replace Part C33 Cap_100nF_0603_50V in C:\Users\Juan Manuel Mejia V\Desktop\Proyectos\CNC_Multi\Hardware\CNC_controller\Micro.SchDoc with Cap_100nF_0603_50V from CNCLib.IntLib
Replace Part C34 Cap_10uF_0603_10V in C:\Users\Juan Manuel Mejia V\Desktop\Proyectos\CNC_Multi\Hardware\CNC_controller\Micro.SchDoc with Cap_10uF_0603_10V from CNCLib.IntLib
Replace Part C35 Cap_100nF_0603_50V in C:\Users\Juan Manuel Mejia V\Desktop\Proyectos\CNC_Multi\Hardware\CNC_controller\Micro.SchDoc with Cap_100nF_0603_50V from CNCLib.IntLib
Replace Part C36 Cap_10uF_0603_10V in C:\Users\Juan Manuel Mejia V\Desktop\Proyectos\CNC_Multi\Hardware\CNC_controller\Micro.SchDoc with Cap_10uF_0603_10V from CNCLib.IntLib
Replace Part C37 Cap_100nF_0603_50V in C:\Users\Juan Manuel Mejia V\Desktop\Proyectos\CNC_Multi\Hardware\CNC_controller\Micro.SchDoc with Cap_100nF_0603_50V from CNCLib.IntLib
Replace Part D18 LED_0805_RED in C:\Users\Juan Manuel Mejia V\Desktop\Proyectos\CNC_Multi\Hardware\CNC_controller\Micro.SchDoc with LED_0805_RED from CNCLib.IntLib
Replace Part D19 LED_0805_Green in C:\Users\Juan Manuel Mejia V\Desktop\Proyectos\CNC_Multi\Hardware\CNC_controller\Micro.SchDoc with LED_0805_Green from CNCLib.IntLib
Replace Part j13 CON_USB_TYPEC_16P in C:\Users\Juan Manuel Mejia V\Desktop\Proyectos\CNC_Multi\Hardware\CNC_controller\Micro.SchDoc with CON_USB_TYPEC_16P from CNCLib.IntLib
Replace Part MD2 CMP-194065-000003-1 in C:\Users\Juan Manuel Mejia V\Desktop\Proyectos\CNC_Multi\Hardware\CNC_controller\Micro.SchDoc with CMP-194065-000003-1 from CNCLib.IntLib
Replace Part Q15 BJT_N_MMBT3904-7-F in C:\Users\Juan Manuel Mejia V\Desktop\Proyectos\CNC_Multi\Hardware\CNC_controller\Micro.SchDoc with BJT_N_MMBT3904-7-F from CNCLib.IntLib
Replace Part Q16 BJT_N_MMBT3904-7-F in C:\Users\Juan Manuel Mejia V\Desktop\Proyectos\CNC_Multi\Hardware\CNC_controller\Micro.SchDoc with BJT_N_MMBT3904-7-F from CNCLib.IntLib
Replace Part R49 Res_10k_0603_1/10W in C:\Users\Juan Manuel Mejia V\Desktop\Proyectos\CNC_Multi\Hardware\CNC_controller\Micro.SchDoc with Res_10k_0603_1/10W from CNCLib.IntLib
Replace Part R50 Res_1k_0603_1/10W in C:\Users\Juan Manuel Mejia V\Desktop\Proyectos\CNC_Multi\Hardware\CNC_controller\Micro.SchDoc with Res_1k_0603_1/10W from CNCLib.IntLib
Replace Part R51 Res_10k_0603_1/10W in C:\Users\Juan Manuel Mejia V\Desktop\Proyectos\CNC_Multi\Hardware\CNC_controller\Micro.SchDoc with Res_10k_0603_1/10W from CNCLib.IntLib
Replace Part R52 Res_10k_0603_1/10W in C:\Users\Juan Manuel Mejia V\Desktop\Proyectos\CNC_Multi\Hardware\CNC_controller\Micro.SchDoc with Res_10k_0603_1/10W from CNCLib.IntLib
Replace Part R53 Res_10k_0603_1/10W in C:\Users\Juan Manuel Mejia V\Desktop\Proyectos\CNC_Multi\Hardware\CNC_controller\Micro.SchDoc with Res_10k_0603_1/10W from CNCLib.IntLib
Replace Part R54 Res_1k_0603_1/10W in C:\Users\Juan Manuel Mejia V\Desktop\Proyectos\CNC_Multi\Hardware\CNC_controller\Micro.SchDoc with Res_1k_0603_1/10W from CNCLib.IntLib
Replace Part R55 Res_100R_0603_1/10W in C:\Users\Juan Manuel Mejia V\Desktop\Proyectos\CNC_Multi\Hardware\CNC_controller\Micro.SchDoc with Res_100R_0603_1/10W from CNCLib.IntLib
Replace Part R56 Res_30_0603_1/10W in C:\Users\Juan Manuel Mejia V\Desktop\Proyectos\CNC_Multi\Hardware\CNC_controller\Micro.SchDoc with Res_30_0603_1/10W from CNCLib.IntLib
Replace Part R57 Res 5K1 in C:\Users\Juan Manuel Mejia V\Desktop\Proyectos\CNC_Multi\Hardware\CNC_controller\Micro.SchDoc with Res 5K1 from CNCLib.IntLib
Replace Part R58 Res 5K1 in C:\Users\Juan Manuel Mejia V\Desktop\Proyectos\CNC_Multi\Hardware\CNC_controller\Micro.SchDoc with Res 5K1 from CNCLib.IntLib
Replace Part SW3 Sw_PUSH_4.5x4.5x5.0xmm in C:\Users\Juan Manuel Mejia V\Desktop\Proyectos\CNC_Multi\Hardware\CNC_controller\Micro.SchDoc with Sw_PUSH_4.5x4.5x5.0xmm from CNCLib.IntLib
Replace Part SW4 Sw_PUSH_4.5x4.5x5.0xmm in C:\Users\Juan Manuel Mejia V\Desktop\Proyectos\CNC_Multi\Hardware\CNC_controller\Micro.SchDoc with Sw_PUSH_4.5x4.5x5.0xmm from CNCLib.IntLib
Replace Part U13 IC_SGL_USB2UART-BRIDGE_20QFN in C:\Users\Juan Manuel Mejia V\Desktop\Proyectos\CNC_Multi\Hardware\CNC_controller\Micro.SchDoc with IC_SGL_USB2UART-BRIDGE_20QFN from CNCLib.IntLib
Replace Part U14 TVS_5.25V_2CH_SOT_23_6 in C:\Users\Juan Manuel Mejia V\Desktop\Proyectos\CNC_Multi\Hardware\CNC_controller\Micro.SchDoc with TVS_5.25V_2CH_SOT_23_6 from CNCLib.IntLib
